<?xml version="1.0" encoding="UTF-8"?>
<!-- Generated by org.testng.reporters.JUnitReportReporter -->
<testsuite hostname="LAPTOP-7VN01D7S" failures="0" tests="2" name="Test.Mavenjava.RestAPI" time="0.019" errors="0" timestamp="03 Jun 2021 03:48:48 GMT" skipped="0">
  <testcase classname="Test.Mavenjava.RestAPI" name="deleteTwitter" time="0.017"/>
  <testcase classname="Test.Mavenjava.RestAPI" name="postJIRA" time="0.002"/>
</testsuite> <!-- Test.Mavenjava.RestAPI -->
