<?xml version="1.0" encoding="UTF-8"?>
<!-- Generated by org.testng.reporters.JUnitReportReporter -->
<testsuite hostname="LAPTOP-7VN01D7S" failures="0" tests="2" name="Test.Mavenjava.DemoTest" time="0.001" errors="0" timestamp="06 Jun 2021 15:11:20 GMT" skipped="0">
  <testcase classname="Test.Mavenjava.DemoTest" name="Method2" time="0.000"/>
  <testcase classname="Test.Mavenjava.DemoTest" name="Method1" time="0.001"/>
</testsuite> <!-- Test.Mavenjava.DemoTest -->
