<?xml version="1.0" encoding="UTF-8"?>
<!-- Generated by org.testng.reporters.JUnitReportReporter -->
<testsuite hostname="LAPTOP-7VN01D7S" failures="0" tests="2" name="Test.Mavenjava.SeleniumTest" time="0.007" errors="0" timestamp="06 Jun 2021 15:11:40 GMT" skipped="0">
  <testcase classname="Test.Mavenjava.SeleniumTest" name="elementsUI" time="0.000"/>
  <testcase classname="Test.Mavenjava.SeleniumTest" name="Browserauto" time="0.007"/>
</testsuite> <!-- Test.Mavenjava.SeleniumTest -->
