<?xml version="1.0" encoding="UTF-8"?>
<!-- Generated by org.testng.reporters.JUnitReportReporter -->
<testsuite hostname="LAPTOP-7VN01D7S" failures="0" tests="2" name="Test.Mavenjava.AppiumTest" time="0.001" errors="0" timestamp="06 Jun 2021 15:11:40 GMT" skipped="0">
  <testcase classname="Test.Mavenjava.AppiumTest" name="IOSApp" time="0.000"/>
  <testcase classname="Test.Mavenjava.AppiumTest" name="NativeApp" time="0.001"/>
</testsuite> <!-- Test.Mavenjava.AppiumTest -->
